<?xml version="1.0" encoding="UTF-8"?>
<!-- Generated by org.testng.reporters.JUnitXMLReporter -->
<testsuite ignored="0" hostname="Hari" failures="0" tests="3" name="Default test" time="26.31" errors="0" timestamp="2026-02-01T11:11:38 IST">
  <testcase classname="com.tests.LoginPageTest" name="loginPageNavigationTest" time="0.641"/>
  <testcase classname="com.tests.LoginPageTest" name="forgottenPWlinkExist" time="0.018"/>
  <testcase classname="com.tests.LoginPageTest" name="appLogin" time="1.303"/>
</testsuite> <!-- Default test -->
