<?xml version="1.0" encoding="UTF-8"?>
<testng-results ignored="0" total="8" passed="7" failed="1" skipped="0">
  <reporter-output>
  </reporter-output>
  <suite started-at="2026-02-01T18:06:04 IST" name="Open Cart Test Regression Playwright  Suite" finished-at="2026-02-01T18:06:22 IST" duration-ms="17228">
    <groups>
    </groups>
    <test started-at="2026-02-01T18:06:04 IST" name="Open Cart Home Page test" finished-at="2026-02-01T18:06:21 IST" duration-ms="16873">
      <class name="com.tests.HomePageTest">
        <test-method is-config="true" signature="setUp()[pri:0, instance:com.tests.HomePageTest@78452606]" started-at="2026-02-01T18:06:04 IST" name="setUp" finished-at="2026-02-01T18:06:18 IST" duration-ms="13975" status="PASS">
          <reporter-output>
          </reporter-output>
        </test-method> <!-- setUp -->
        <test-method signature="homePageTitleTest()[pri:0, instance:com.tests.HomePageTest@78452606]" started-at="2026-02-01T18:06:18 IST" name="homePageTitleTest" finished-at="2026-02-01T18:06:18 IST" duration-ms="37" status="PASS">
          <reporter-output>
          </reporter-output>
        </test-method> <!-- homePageTitleTest -->
        <test-method signature="homePageURLTest()[pri:0, instance:com.tests.HomePageTest@78452606]" started-at="2026-02-01T18:06:18 IST" name="homePageURLTest" finished-at="2026-02-01T18:06:18 IST" duration-ms="5" status="PASS">
          <reporter-output>
          </reporter-output>
        </test-method> <!-- homePageURLTest -->
        <test-method signature="searchTest(java.lang.String)[pri:0, instance:com.tests.HomePageTest@78452606]" started-at="2026-02-01T18:06:18 IST" name="searchTest" data-provider="getProductData" finished-at="2026-02-01T18:06:19 IST" duration-ms="624" status="PASS">
          <params>
            <param index="0">
              <value>
                <![CDATA[MacBook]]>
              </value>
            </param>
          </params>
          <reporter-output>
          </reporter-output>
        </test-method> <!-- searchTest -->
        <test-method signature="searchTest(java.lang.String)[pri:0, instance:com.tests.HomePageTest@78452606]" started-at="2026-02-01T18:06:19 IST" name="searchTest" data-provider="getProductData" finished-at="2026-02-01T18:06:20 IST" duration-ms="611" status="PASS">
          <params>
            <param index="0">
              <value>
                <![CDATA[iMac]]>
              </value>
            </param>
          </params>
          <reporter-output>
          </reporter-output>
        </test-method> <!-- searchTest -->
        <test-method signature="searchTest(java.lang.String)[pri:0, instance:com.tests.HomePageTest@78452606]" started-at="2026-02-01T18:06:20 IST" name="searchTest" data-provider="getProductData" finished-at="2026-02-01T18:06:21 IST" duration-ms="855" status="PASS">
          <params>
            <param index="0">
              <value>
                <![CDATA[Samsung]]>
              </value>
            </param>
          </params>
          <reporter-output>
          </reporter-output>
        </test-method> <!-- searchTest -->
        <test-method is-config="true" signature="tearDown()[pri:0, instance:com.tests.HomePageTest@78452606]" started-at="2026-02-01T18:06:21 IST" name="tearDown" finished-at="2026-02-01T18:06:21 IST" duration-ms="634" status="PASS">
          <reporter-output>
          </reporter-output>
        </test-method> <!-- tearDown -->
      </class> <!-- com.tests.HomePageTest -->
    </test> <!-- Open Cart Home Page test -->
    <test started-at="2026-02-01T18:06:04 IST" name="Open Cart Login Page test" finished-at="2026-02-01T18:06:22 IST" duration-ms="17228">
      <class name="com.tests.LoginPageTest">
        <test-method is-config="true" signature="setUp()[pri:0, instance:com.tests.LoginPageTest@18ece7f4]" started-at="2026-02-01T18:06:04 IST" name="setUp" finished-at="2026-02-01T18:06:19 IST" duration-ms="14139" status="PASS">
          <reporter-output>
          </reporter-output>
        </test-method> <!-- setUp -->
        <test-method signature="loginPageNavigationTest()[pri:1, instance:com.tests.LoginPageTest@18ece7f4]" started-at="2026-02-01T18:06:19 IST" name="loginPageNavigationTest" finished-at="2026-02-01T18:06:19 IST" duration-ms="730" status="PASS">
          <reporter-output>
          </reporter-output>
        </test-method> <!-- loginPageNavigationTest -->
        <test-method signature="forgottenPWlinkExist()[pri:2, instance:com.tests.LoginPageTest@18ece7f4]" started-at="2026-02-01T18:06:19 IST" name="forgottenPWlinkExist" finished-at="2026-02-01T18:06:19 IST" duration-ms="28" status="FAIL">
          <exception class="java.lang.AssertionError">
            <message>
              <![CDATA[expected [true] but found [false]]]>
            </message>
            <full-stacktrace>
              <![CDATA[java.lang.AssertionError: expected [true] but found [false]
at org.testng.Assert.fail(Assert.java:111)
at org.testng.Assert.failNotEquals(Assert.java:1590)
at org.testng.Assert.assertTrue(Assert.java:57)
at org.testng.Assert.assertTrue(Assert.java:67)
at com.tests.LoginPageTest.forgottenPWlinkExist(LoginPageTest.java:20)
at java.base/jdk.internal.reflect.DirectMethodHandleAccessor.invoke(DirectMethodHandleAccessor.java:103)
at java.base/java.lang.reflect.Method.invoke(Method.java:580)
at org.testng.internal.invokers.MethodInvocationHelper.invokeMethod(MethodInvocationHelper.java:141)
at org.testng.internal.invokers.TestInvoker.invokeMethod(TestInvoker.java:687)
at org.testng.internal.invokers.TestInvoker.invokeTestMethod(TestInvoker.java:230)
at org.testng.internal.invokers.MethodRunner.runInSequence(MethodRunner.java:63)
at org.testng.internal.invokers.TestInvoker$MethodInvocationAgent.invoke(TestInvoker.java:995)
at org.testng.internal.invokers.TestInvoker.invokeTestMethods(TestInvoker.java:203)
at org.testng.internal.invokers.TestMethodWorker.invokeTestMethods(TestMethodWorker.java:154)
at org.testng.internal.invokers.TestMethodWorker.run(TestMethodWorker.java:134)
at java.base/java.util.ArrayList.forEach(ArrayList.java:1596)
at org.testng.TestRunner.privateRun(TestRunner.java:741)
at org.testng.TestRunner.run(TestRunner.java:616)
at org.testng.SuiteRunner.runTest(SuiteRunner.java:421)
at org.testng.SuiteRunner$SuiteWorker.run(SuiteRunner.java:463)
at org.testng.internal.thread.ThreadUtil.lambda$execute$0(ThreadUtil.java:64)
at java.base/java.util.concurrent.FutureTask.run(FutureTask.java:317)
at java.base/java.util.concurrent.ThreadPoolExecutor.runWorker(ThreadPoolExecutor.java:1144)
at java.base/java.util.concurrent.ThreadPoolExecutor$Worker.run(ThreadPoolExecutor.java:642)
at java.base/java.lang.Thread.run(Thread.java:1583)
]]>
            </full-stacktrace>
          </exception> <!-- java.lang.AssertionError -->
          <reporter-output>
          </reporter-output>
        </test-method> <!-- forgottenPWlinkExist -->
        <test-method signature="appLogin()[pri:3, instance:com.tests.LoginPageTest@18ece7f4]" started-at="2026-02-01T18:06:20 IST" name="appLogin" finished-at="2026-02-01T18:06:21 IST" duration-ms="1265" status="PASS">
          <reporter-output>
          </reporter-output>
        </test-method> <!-- appLogin -->
        <test-method is-config="true" signature="tearDown()[pri:0, instance:com.tests.LoginPageTest@18ece7f4]" started-at="2026-02-01T18:06:21 IST" name="tearDown" finished-at="2026-02-01T18:06:22 IST" duration-ms="575" status="PASS">
          <reporter-output>
          </reporter-output>
        </test-method> <!-- tearDown -->
      </class> <!-- com.tests.LoginPageTest -->
    </test> <!-- Open Cart Login Page test -->
  </suite> <!-- Open Cart Test Regression Playwright  Suite -->
</testng-results>
