<?xml version="1.0" encoding="UTF-8"?>
<!-- Generated by org.testng.reporters.JUnitReportReporter -->
<testsuite hostname="Hari" failures="0" tests="5" name="com.tests.HomePageTest" time="2.132" errors="0" timestamp="2026-02-01T18:06:22 IST" skipped="0">
  <testcase classname="com.tests.HomePageTest" name="searchTest" time="0.855"/>
  <testcase classname="com.tests.HomePageTest" name="homePageTitleTest" time="0.037"/>
  <testcase classname="com.tests.HomePageTest" name="searchTest" time="0.611"/>
  <testcase classname="com.tests.HomePageTest" name="homePageURLTest" time="0.005"/>
  <testcase classname="com.tests.HomePageTest" name="searchTest" time="0.624"/>
</testsuite> <!-- com.tests.HomePageTest -->
